<?xml version="1.0" encoding="UTF-8" ?>
<testsuite failures="0" time="0.211" errors="0" skipped="0" tests="7" name="model.UserTest">
  <properties>
[...]
</properties>
  <testcase time="0.011" classname="model.UserTest" name="testGetLastNameWhenEmpty"/>
  <testcase time="0" classname="model.UserTest" name="testGetLastNameWhenNotEmpty"/>
  <testcase time="0" classname="model.UserTest" name="testGetFullnameSuccessfullWhenForeandLastNamespecified"/>
  <testcase time="0" classname="model.UserTest" name="testGetFullNameEmptyWhenForeNameEmpty"/>
  <testcase time="0" classname="model.UserTest" name="testGetFullNameEmptyWhenLastNameEmpty"/>
  <testcase time="0" classname="model.UserTest" name="testAddingNeighbourSavesGivenUserasNeighbour"/>
  <testcase time="0" classname="model.UserTest" name="testRemovingExistentNeighbour"/>
</testsuite>