<?xml version="1.0" encoding="UTF-8" standalone="yes"?><!DOCTYPE report PUBLIC "-//JACOCO//DTD Report 1.0//EN" "report.dtd"><report name="projectone"><sessioninfo id="Staboix-f8e36653" start="1368301913688" dump="1368301915395"/><sessioninfo id="Staboix-1f092792" start="1368302970711" dump="1368302973128"/><sessioninfo id="Staboix-c58254c" start="1368307898864" dump="1368307900670"/><sessioninfo id="Staboix-fbb31d9a" start="1368308007338" dump="1368308010119"/><sessioninfo id="Staboix-305b11ab" start="1368368267561" dump="1368368273422"/><sessioninfo id="Staboix-2ee6057e" start="1368368971905" dump="1368368974073"/><sessioninfo id="Staboix-a30a38e8" start="1368460263430" dump="1368460298757"/><sessioninfo id="Staboix-e6cd69e0" start="1368465268764" dump="1368465272860"/><sessioninfo id="Staboix-858f2387" start="1368514390188" dump="1368514392578"/><sessioninfo id="Staboix-f64fd8cb" start="1368515298200" dump="1368515299850"/><sessioninfo id="Staboix-b8683459" start="1368515417816" dump="1368515421219"/><sessioninfo id="Staboix-9d36ffa" start="1368516965597" dump="1368516968322"/><sessioninfo id="Staboix-caef42fc" start="1368518423275" dump="1368518424765"/><sessioninfo id="Staboix-c04b0830" start="1368524189653" dump="1368524191419"/><sessioninfo id="Staboix-cc62d592" start="1368524227395" dump="1368524228763"/><sessioninfo id="Staboix-d1909d31" start="1368524333698" dump="1368524334984"/><sessioninfo id="Staboix-bdfc7228" start="1368524704294" dump="1368524705850"/><sessioninfo id="Staboix-de157005" start="1368527854393" dump="1368527857002"/><sessioninfo id="Staboix-85e2cb56" start="1368535247680" dump="1368535249419"/><sessioninfo id="Staboix-88b8ff99" start="1368536318546" dump="1368536320381"/><sessioninfo id="Staboix-8a75a8b0" start="1368536982765" dump="1368536984543"/><sessioninfo id="Staboix-be60e262" start="1368537550734" dump="1368537553309"/><sessioninfo id="Staboix-d2cf8023" start="1368539527121" dump="1368539529068"/><sessioninfo id="Staboix-853f2e56" start="1368541753498" dump="1368541756177"/><sessioninfo id="Staboix-adc48600" start="1368597153760" dump="1368597155903"/><sessioninfo id="Staboix-89be42e3" start="1368598956613" dump="1368598961816"/><sessioninfo id="Staboix-63bf9623" start="1368616216016" dump="1368616228314"/><sessioninfo id="Staboix-878a6ffe" start="1368617464004" dump="1368617465646"/><sessioninfo id="Staboix-76aa3ae3" start="1368618589776" dump="1368618591202"/><sessioninfo id="Staboix-6b6d7366" start="1368619923286" dump="1368619924754"/><sessioninfo id="Staboix-cafdf02" start="1368629692817" dump="1368629695929"/><sessioninfo id="Staboix-263d62ab" start="1368631203895" dump="1368631205853"/><sessioninfo id="Staboix-283484cf" start="1368639069427" dump="1368639105404"/><sessioninfo id="Staboix-6c00c844" start="1368695425728" dump="1368695428185"/><sessioninfo id="Staboix-6014645b" start="1368695745197" dump="1368695747539"/><sessioninfo id="Staboix-36203c68" start="1368697295353" dump="1368697298354"/><package name="model"><class name="model/User"><method name="&lt;init&gt;" desc="(Ljava/lang/String;Ljava/lang/String;Lmodel/Address;)V" line="11"><counter type="INSTRUCTION" missed="0" covered="17"/><counter type="LINE" missed="0" covered="6"/><counter type="COMPLEXITY" missed="0" covered="1"/><counter type="METHOD" missed="0" covered="1"/></method><method name="changeAddress" desc="(Lmodel/Address;)V" line="21"><counter type="INSTRUCTION" missed="4" covered="0"/><counter type="LINE" missed="2" covered="0"/><counter type="COMPLEXITY" missed="1" covered="0"/><counter type="METHOD" missed="1" covered="0"/></method><method name="getAddress" desc="()Lmodel/Address;" line="26"><counter type="INSTRUCTION" missed="3" covered="0"/><counter type="LINE" missed="1" covered="0"/><counter type="COMPLEXITY" missed="1" covered="0"/><counter type="METHOD" missed="1" covered="0"/></method><method name="addNeighbour" desc="(Lmodel/User;)V" line="30"><counter type="INSTRUCTION" missed="0" covered="6"/><counter type="LINE" missed="0" covered="2"/><counter type="COMPLEXITY" missed="0" covered="1"/><counter type="METHOD" missed="0" covered="1"/></method><method name="hasNeighbour" desc="(Lmodel/User;)Z" line="34"><counter type="INSTRUCTION" missed="0" covered="5"/><counter type="LINE" missed="0" covered="1"/><counter type="COMPLEXITY" missed="0" covered="1"/><counter type="METHOD" missed="0" covered="1"/></method><method name="removeNeighbour" desc="(Lmodel/User;)V" line="38"><counter type="INSTRUCTION" missed="0" covered="6"/><counter type="LINE" missed="0" covered="2"/><counter type="COMPLEXITY" missed="0" covered="1"/><counter type="METHOD" missed="0" covered="1"/></method><method name="setForeName" desc="(Ljava/lang/String;)V" line="42"><counter type="INSTRUCTION" missed="0" covered="4"/><counter type="LINE" missed="0" covered="2"/><counter type="COMPLEXITY" missed="0" covered="1"/><counter type="METHOD" missed="0" covered="1"/></method><method name="setLastName" desc="(Ljava/lang/String;)V" line="46"><counter type="INSTRUCTION" missed="0" covered="6"/><counter type="LINE" missed="0" covered="3"/><counter type="COMPLEXITY" missed="0" covered="1"/><counter type="METHOD" missed="0" covered="1"/></method><method name="getName" desc="()Ljava/lang/String;" line="51"><counter type="INSTRUCTION" missed="0" covered="39"/><counter type="BRANCH" missed="0" covered="4"/><counter type="LINE" missed="0" covered="6"/><counter type="COMPLEXITY" missed="0" covered="3"/><counter type="METHOD" missed="0" covered="1"/></method><method name="getFullName" desc="()Ljava/lang/String;" line="61"><counter type="INSTRUCTION" missed="0" covered="3"/><counter type="LINE" missed="0" covered="1"/><counter type="COMPLEXITY" missed="0" covered="1"/><counter type="METHOD" missed="0" covered="1"/></method><method name="getLastName" desc="()Ljava/lang/Object;" line="65"><counter type="INSTRUCTION" missed="0" covered="8"/><counter type="BRANCH" missed="0" covered="2"/><counter type="LINE" missed="0" covered="1"/><counter type="COMPLEXITY" missed="0" covered="2"/><counter type="METHOD" missed="0" covered="1"/></method><counter type="INSTRUCTION" missed="7" covered="94"/><counter type="BRANCH" missed="0" covered="6"/><counter type="LINE" missed="3" covered="24"/><counter type="COMPLEXITY" missed="2" covered="12"/><counter type="METHOD" missed="2" covered="9"/><counter type="CLASS" missed="0" covered="1"/></class><class name="model/Address"><method name="&lt;init&gt;" desc="(Ljava/lang/String;ILjava/lang/String;)V" line="9"><counter type="INSTRUCTION" missed="0" covered="12"/><counter type="LINE" missed="0" covered="5"/><counter type="COMPLEXITY" missed="0" covered="1"/><counter type="METHOD" missed="0" covered="1"/></method><method name="getStreet" desc="()Ljava/lang/String;" line="16"><counter type="INSTRUCTION" missed="3" covered="0"/><counter type="LINE" missed="1" covered="0"/><counter type="COMPLEXITY" missed="1" covered="0"/><counter type="METHOD" missed="1" covered="0"/></method><method name="getPLZ" desc="()I" line="19"><counter type="INSTRUCTION" missed="3" covered="0"/><counter type="LINE" missed="1" covered="0"/><counter type="COMPLEXITY" missed="1" covered="0"/><counter type="METHOD" missed="1" covered="0"/></method><method name="getCity" desc="()Ljava/lang/String;" line="22"><counter type="INSTRUCTION" missed="3" covered="0"/><counter type="LINE" missed="1" covered="0"/><counter type="COMPLEXITY" missed="1" covered="0"/><counter type="METHOD" missed="1" covered="0"/></method><counter type="INSTRUCTION" missed="9" covered="12"/><counter type="LINE" missed="3" covered="5"/><counter type="COMPLEXITY" missed="3" covered="1"/><counter type="METHOD" missed="3" covered="1"/><counter type="CLASS" missed="0" covered="1"/></class><sourcefile name="Address.java"><line nr="9" mi="0" ci="2" mb="0" cb="0"/><line nr="10" mi="0" ci="3" mb="0" cb="0"/><line nr="11" mi="0" ci="3" mb="0" cb="0"/><line nr="12" mi="0" ci="3" mb="0" cb="0"/><line nr="13" mi="0" ci="1" mb="0" cb="0"/><line nr="16" mi="3" ci="0" mb="0" cb="0"/><line nr="19" mi="3" ci="0" mb="0" cb="0"/><line nr="22" mi="3" ci="0" mb="0" cb="0"/><counter type="INSTRUCTION" missed="9" covered="12"/><counter type="LINE" missed="3" covered="5"/><counter type="COMPLEXITY" missed="3" covered="1"/><counter type="METHOD" missed="3" covered="1"/><counter type="CLASS" missed="0" covered="1"/></sourcefile><sourcefile name="User.java"><line nr="11" mi="0" ci="5" mb="0" cb="0"/><line nr="14" mi="0" ci="2" mb="0" cb="0"/><line nr="15" mi="0" ci="3" mb="0" cb="0"/><line nr="16" mi="0" ci="3" mb="0" cb="0"/><line nr="17" mi="0" ci="3" mb="0" cb="0"/><line nr="18" mi="0" ci="1" mb="0" cb="0"/><line nr="21" mi="3" ci="0" mb="0" cb="0"/><line nr="23" mi="1" ci="0" mb="0" cb="0"/><line nr="26" mi="3" ci="0" mb="0" cb="0"/><line nr="30" mi="0" ci="5" mb="0" cb="0"/><line nr="31" mi="0" ci="1" mb="0" cb="0"/><line nr="34" mi="0" ci="5" mb="0" cb="0"/><line nr="38" mi="0" ci="5" mb="0" cb="0"/><line nr="39" mi="0" ci="1" mb="0" cb="0"/><line nr="42" mi="0" ci="3" mb="0" cb="0"/><line nr="43" mi="0" ci="1" mb="0" cb="0"/><line nr="46" mi="0" ci="2" mb="0" cb="0"/><line nr="47" mi="0" ci="3" mb="0" cb="0"/><line nr="48" mi="0" ci="1" mb="0" cb="0"/><line nr="51" mi="0" ci="2" mb="0" cb="0"/><line nr="52" mi="0" ci="6" mb="0" cb="4"/><line nr="53" mi="0" ci="10" mb="0" cb="0"/><line nr="54" mi="0" ci="9" mb="0" cb="0"/><line nr="55" mi="0" ci="10" mb="0" cb="0"/><line nr="57" mi="0" ci="2" mb="0" cb="0"/><line nr="61" mi="0" ci="3" mb="0" cb="0"/><line nr="65" mi="0" ci="8" mb="0" cb="2"/><counter type="INSTRUCTION" missed="7" covered="94"/><counter type="BRANCH" missed="0" covered="6"/><counter type="LINE" missed="3" covered="24"/><counter type="COMPLEXITY" missed="2" covered="12"/><counter type="METHOD" missed="2" covered="9"/><counter type="CLASS" missed="0" covered="1"/></sourcefile><counter type="INSTRUCTION" missed="16" covered="106"/><counter type="BRANCH" missed="0" covered="6"/><counter type="LINE" missed="6" covered="29"/><counter type="COMPLEXITY" missed="5" covered="13"/><counter type="METHOD" missed="5" covered="10"/><counter type="CLASS" missed="0" covered="2"/></package><counter type="INSTRUCTION" missed="16" covered="106"/><counter type="BRANCH" missed="0" covered="6"/><counter type="LINE" missed="6" covered="29"/><counter type="COMPLEXITY" missed="5" covered="13"/><counter type="METHOD" missed="5" covered="10"/><counter type="CLASS" missed="0" covered="2"/></report>